=== Background Voice Activation Log Started ===
[2026-07-17 21:10:48] Initializing background listener...
[2026-07-17 21:10:48] Adjusting for ambient noise...
[2026-07-17 21:10:49] Energy threshold set to: 63.382869293853766
[2026-07-17 21:10:49] Waiting for wake word 'jarvis' in background...
[2026-07-17 21:11:59] Recognized: laga diya
[2026-07-17 21:13:01] Recognized: jamnagar mein chala jaunga mp3 ringtone theek hai
[2026-07-17 21:13:07] Recognized: bhojpuri video dikhao
[2026-07-17 21:19:54] Recognized: sai bhajan songs
[2026-07-17 21:20:09] Recognized: how are you doing
[2026-07-17 21:22:10] Recognized: supermarket bhejo
[2026-07-17 21:27:08] Recognized: mahesh rathore
[2026-07-17 21:27:21] Recognized: start
[2026-07-17 21:31:24] Recognized: 64%
[2026-07-17 21:45:16] Recognized: bolo sar
[2026-07-17 21:47:39] Recognized: make a loudly
[2026-07-17 21:48:27] Recognized: pakistani pagal kaise nikale
[2026-07-17 21:48:53] Recognized: biology gana ke thoda kuchh nahin baitha hun bus
[2026-07-17 21:49:47] Recognized: main cal ladli
[2026-07-17 21:50:24] Recognized: raat ko jagah rahata
[2026-07-17 21:50:29] Recognized: good night
